<?xml version="1.0" encoding="UTF-8"?>
<!-- Generated by org.testng.reporters.JUnitXMLReporter -->
<testsuite ignored="0" hostname="DESKTOP-6VDSDNJ" failures="0" tests="3" name="Default test" time="0.071" errors="0" timestamp="2022-12-17T22:01:32 IST">
  <testcase classname="com.practice.Prioriry" name="test1" time="0.011"/>
  <testcase classname="com.practice.Prioriry" name="test3" time="0.001"/>
  <testcase classname="com.practice.Prioriry" name="test2" time="0.002"/>
</testsuite> <!-- Default test -->
