<?xml version="1.0" encoding="UTF-8"?>
<!-- Generated by org.testng.reporters.JUnitXMLReporter -->
<testsuite ignored="0" hostname="DESKTOP-6VDSDNJ" failures="0" tests="3" name="chromeTestRunner" time="12.527" errors="0" timestamp="2023-01-21T12:34:16 IST">
  <testcase classname="com.practice.ParallelExecution3" name="test9" time="4.848"/>
  <testcase classname="com.practice.ParallelExecution2" name="test5" time="3.938"/>
  <testcase classname="com.practice.ParallelEecution1" name="test1" time="3.695"/>
</testsuite> <!-- chromeTestRunner -->
