<?xml version="1.0" encoding="UTF-8"?>
<!-- Generated by org.testng.reporters.JUnitXMLReporter -->
<testsuite ignored="0" hostname="DESKTOP-6VDSDNJ" failures="0" tests="3" name="fireFoxTestRunner" time="12.515" errors="0" timestamp="2023-01-21T12:34:16 IST">
  <testcase classname="com.practice.ParallelExecution3" name="test9" time="4.912"/>
  <testcase classname="com.practice.ParallelExecution2" name="test5" time="3.706"/>
  <testcase classname="com.practice.ParallelEecution1" name="test1" time="3.847"/>
</testsuite> <!-- fireFoxTestRunner -->
