<?xml version="1.0" encoding="UTF-8"?>
<!-- Generated by org.testng.reporters.JUnitXMLReporter -->
<testsuite ignored="6" hostname="DESKTOP-6VDSDNJ" failures="0" tests="3" name="SmokeTestcases" time="0.052" errors="0" timestamp="2022-12-15T09:26:30 IST">
  <testcase classname="com.practice.TestNGPractice1" name="test3" time="0.008"/>
  <testcase classname="com.practice.TestNGPractice2" name="test3" time="0.001"/>
  <testcase classname="com.practice.TestNgPractice3" name="test3" time="0.0"/>
  <testcase classname="com.practice.TestNGPractice2" name="test2" time="0.0">
    <ignored/>
  </testcase> <!-- test2 -->
  <testcase classname="com.practice.TestNGPractice1" name="test2" time="0.0">
    <ignored/>
  </testcase> <!-- test2 -->
  <testcase classname="com.practice.TestNgPractice3" name="test1" time="0.0">
    <ignored/>
  </testcase> <!-- test1 -->
  <testcase classname="com.practice.TestNgPractice3" name="test2" time="0.0">
    <ignored/>
  </testcase> <!-- test2 -->
  <testcase classname="com.practice.TestNGPractice1" name="test1" time="0.0">
    <ignored/>
  </testcase> <!-- test1 -->
  <testcase classname="com.practice.TestNGPractice2" name="test1" time="0.0">
    <ignored/>
  </testcase> <!-- test1 -->
</testsuite> <!-- SmokeTestcases -->
