<?xml version="1.0" encoding="UTF-8"?>
<!-- Generated by org.testng.reporters.JUnitXMLReporter -->
<testsuite ignored="0" hostname="DESKTOP-6VDSDNJ" failures="0" tests="3" name="Test1" time="16.546" errors="0" timestamp="2023-01-18T17:52:37 IST">
  <testcase classname="com.practice.ParallelExecution3" name="test9" time="7.788"/>
  <testcase classname="com.practice.ParallelExecution2" name="test5" time="4.548"/>
  <testcase classname="com.practice.ParallelEecution1" name="test1" time="4.163"/>
</testsuite> <!-- Test1 -->
