<?xml version="1.0" encoding="UTF-8"?>
<!-- Generated by org.testng.reporters.JUnitXMLReporter -->
<testsuite ignored="0" hostname="DESKTOP-6VDSDNJ" failures="0" tests="3" name="Test" time="8.767" errors="0" timestamp="2023-01-18T16:36:58 IST">
  <testcase classname="com.practice.ParallelExecution2" name="test5" time="5.256"/>
  <testcase classname="com.practice.ParallelExecution3" name="test9" time="5.504"/>
  <testcase classname="com.practice.ParallelEecution1" name="test1" time="3.466"/>
</testsuite> <!-- Test -->
