<?xml version="1.0" encoding="UTF-8"?>
<!-- Generated by org.testng.reporters.JUnitXMLReporter -->
<testsuite hostname="DESKTOP-6VDSDNJ" name="SanityTestCases" tests="3" failures="0" timestamp="15 Dec 2022 05:58:55 GMT" time="0.018" errors="0">
  <testcase name="test1" time="0.007" classname="com.practice.TestNGPractice1"/>
  <testcase name="test1" time="0.0" classname="com.practice.TestNGPractice2"/>
  <testcase name="test1" time="0.0" classname="com.practice.TestNgPractice3"/>
</testsuite> <!-- SanityTestCases -->
