<?xml version="1.0" encoding="UTF-8"?>
<!-- Generated by org.testng.reporters.JUnitXMLReporter -->
<testsuite hostname="DESKTOP-6VDSDNJ" name="SmokeTestcases" tests="3" failures="0" timestamp="15 Dec 2022 04:36:08 GMT" time="0.017" errors="0">
  <testcase name="test3" time="0.007" classname="com.practice.TestNGPractice1"/>
  <testcase name="test3" time="0.001" classname="com.practice.TestNGPractice2"/>
  <testcase name="test3" time="0.0" classname="com.practice.TestNgPractice3"/>
</testsuite> <!-- SmokeTestcases -->
