<?xml version="1.0" encoding="UTF-8"?>
<testng-results skipped="0" failed="0" total="2" passed="2">
  <reporter-output>
  </reporter-output>
  <suite name="Suite" duration-ms="41998" started-at="2022-12-15T06:05:20Z" finished-at="2022-12-15T06:06:02Z">
    <groups>
      <group name="sanity">
        <method signature="AddressModuleTest.UserAddingAddress()[pri:0, instance:com.ecommerce.wishlist.AddressModuleTest@223f3642]" name="UserAddingAddress" class="com.ecommerce.wishlist.AddressModuleTest"/>
      </group> <!-- sanity -->
    </groups>
    <test name="Test" duration-ms="41998" started-at="2022-12-15T06:05:20Z" finished-at="2022-12-15T06:06:02Z">
      <class name="com.ecommerce.wishlist.AddressModuleTest">
        <test-method status="PASS" signature="classSetUp()[pri:0, instance:com.ecommerce.wishlist.AddressModuleTest@223f3642]" name="classSetUp" is-config="true" duration-ms="9622" started-at="2022-12-15T11:35:21Z" finished-at="2022-12-15T11:35:30Z">
          <reporter-output>
          </reporter-output>
        </test-method> <!-- classSetUp -->
        <test-method status="PASS" signature="methodSetUP()[pri:0, instance:com.ecommerce.wishlist.AddressModuleTest@223f3642]" name="methodSetUP" is-config="true" duration-ms="74" started-at="2022-12-15T11:35:30Z" finished-at="2022-12-15T11:35:30Z">
          <reporter-output>
          </reporter-output>
        </test-method> <!-- methodSetUP -->
        <test-method status="PASS" signature="UserAddingAddress()[pri:0, instance:com.ecommerce.wishlist.AddressModuleTest@223f3642]" name="UserAddingAddress" duration-ms="11971" started-at="2022-12-15T11:35:30Z" finished-at="2022-12-15T11:35:42Z">
          <reporter-output>
          </reporter-output>
        </test-method> <!-- UserAddingAddress -->
        <test-method status="PASS" signature="methodtearDownSetUp()[pri:0, instance:com.ecommerce.wishlist.AddressModuleTest@223f3642]" name="methodtearDownSetUp" is-config="true" duration-ms="205" started-at="2022-12-15T11:35:42Z" finished-at="2022-12-15T11:35:42Z">
          <reporter-output>
          </reporter-output>
        </test-method> <!-- methodtearDownSetUp -->
        <test-method status="PASS" signature="classTearDownSetup()[pri:0, instance:com.ecommerce.wishlist.AddressModuleTest@223f3642]" name="classTearDownSetup" is-config="true" duration-ms="642" started-at="2022-12-15T11:35:42Z" finished-at="2022-12-15T11:35:43Z">
          <reporter-output>
          </reporter-output>
        </test-method> <!-- classTearDownSetup -->
      </class> <!-- com.ecommerce.wishlist.AddressModuleTest -->
      <class name="com.ecommerce.wishlist.WishListTest">
        <test-method status="PASS" signature="classSetUp()[pri:0, instance:com.ecommerce.wishlist.WishListTest@38c5cc4c]" name="classSetUp" is-config="true" duration-ms="10203" started-at="2022-12-15T11:35:43Z" finished-at="2022-12-15T11:35:53Z">
          <reporter-output>
          </reporter-output>
        </test-method> <!-- classSetUp -->
        <test-method status="PASS" signature="methodSetUP()[pri:0, instance:com.ecommerce.wishlist.WishListTest@38c5cc4c]" name="methodSetUP" is-config="true" duration-ms="71" started-at="2022-12-15T11:35:53Z" finished-at="2022-12-15T11:35:53Z">
          <reporter-output>
          </reporter-output>
        </test-method> <!-- methodSetUP -->
        <test-method status="PASS" signature="AddingproductToTheWishList()[pri:0, instance:com.ecommerce.wishlist.WishListTest@38c5cc4c]" name="AddingproductToTheWishList" duration-ms="9006" started-at="2022-12-15T11:35:53Z" finished-at="2022-12-15T11:36:02Z">
          <reporter-output>
          </reporter-output>
        </test-method> <!-- AddingproductToTheWishList -->
        <test-method status="FAIL" signature="methodtearDownSetUp()[pri:0, instance:com.ecommerce.wishlist.WishListTest@38c5cc4c]" name="methodtearDownSetUp" is-config="true" duration-ms="0" started-at="2022-12-15T11:36:02Z" finished-at="2022-12-15T11:36:02Z">
          <exception class="org.openqa.selenium.NoSuchSessionException">
            <message>
              <![CDATA[Session ID is null. Using WebDriver after calling quit()?
Build info: version: '3.141.59', revision: 'e82be7d358', time: '2018-11-14T08:17:03'
System info: host: 'DESKTOP-6VDSDNJ', ip: '192.168.142.141', os.name: 'Windows 10', os.arch: 'amd64', os.version: '10.0', java.version: '1.8.0_291'
Driver info: driver.version: RemoteWebDriver]]>
            </message>
            <full-stacktrace>
              <![CDATA[org.openqa.selenium.NoSuchSessionException: Session ID is null. Using WebDriver after calling quit()?
Build info: version: '3.141.59', revision: 'e82be7d358', time: '2018-11-14T08:17:03'
System info: host: 'DESKTOP-6VDSDNJ', ip: '192.168.142.141', os.name: 'Windows 10', os.arch: 'amd64', os.version: '10.0', java.version: '1.8.0_291'
Driver info: driver.version: RemoteWebDriver
	at org.openqa.selenium.remote.HttpCommandExecutor.execute(HttpCommandExecutor.java:125)
	at org.openqa.selenium.remote.service.DriverCommandExecutor.execute(DriverCommandExecutor.java:83)
	at org.openqa.selenium.remote.RemoteWebDriver.execute(RemoteWebDriver.java:552)
	at org.openqa.selenium.remote.RemoteWebDriver.findElement(RemoteWebDriver.java:323)
	at org.openqa.selenium.remote.RemoteWebDriver.findElementByXPath(RemoteWebDriver.java:428)
	at org.openqa.selenium.By$ByXPath.findElement(By.java:353)
	at org.openqa.selenium.remote.RemoteWebDriver.findElement(RemoteWebDriver.java:315)
	at org.openqa.selenium.support.pagefactory.DefaultElementLocator.findElement(DefaultElementLocator.java:69)
	at org.openqa.selenium.support.pagefactory.internal.LocatingElementHandler.invoke(LocatingElementHandler.java:38)
	at com.sun.proxy.$Proxy12.getWrappedElement(Unknown Source)
	at org.openqa.selenium.remote.internal.WebElementToJsonConverter.apply(WebElementToJsonConverter.java:50)
	at java.util.stream.ReferencePipeline$3$1.accept(ReferencePipeline.java:193)
	at java.util.Spliterators$ArraySpliterator.forEachRemaining(Spliterators.java:948)
	at java.util.stream.AbstractPipeline.copyInto(AbstractPipeline.java:482)
	at java.util.stream.AbstractPipeline.wrapAndCopyInto(AbstractPipeline.java:472)
	at java.util.stream.ReduceOps$ReduceOp.evaluateSequential(ReduceOps.java:708)
	at java.util.stream.AbstractPipeline.evaluate(AbstractPipeline.java:234)
	at java.util.stream.ReferencePipeline.collect(ReferencePipeline.java:499)
	at org.openqa.selenium.remote.RemoteWebDriver.executeScript(RemoteWebDriver.java:484)
	at com.trendeverse.genericUtility.WebDriverUtelity.elementNotIntercepted(WebDriverUtelity.java:304)
	at com.trendeeverse.objectRepository.HomePage.handleclickInteractedOnAccountSettings(HomePage.java:120)
	at com.trendeverse.genericUtility.BaseClass.methodtearDownSetUp(BaseClass.java:86)
	at sun.reflect.NativeMethodAccessorImpl.invoke0(Native Method)
	at sun.reflect.NativeMethodAccessorImpl.invoke(NativeMethodAccessorImpl.java:62)
	at sun.reflect.DelegatingMethodAccessorImpl.invoke(DelegatingMethodAccessorImpl.java:43)
	at java.lang.reflect.Method.invoke(Method.java:498)
	at org.testng.internal.MethodInvocationHelper.invokeMethod(MethodInvocationHelper.java:85)
	at org.testng.internal.Invoker.invokeConfigurationMethod(Invoker.java:510)
	at org.testng.internal.Invoker.invokeConfigurations(Invoker.java:211)
	at org.testng.internal.Invoker.invokeMethod(Invoker.java:703)
	at org.testng.internal.Invoker.invokeTestMethod(Invoker.java:816)
	at org.testng.internal.Invoker.invokeTestMethods(Invoker.java:1124)
	at org.testng.internal.TestMethodWorker.invokeTestMethods(TestMethodWorker.java:125)
	at org.testng.internal.TestMethodWorker.run(TestMethodWorker.java:108)
	at org.testng.TestRunner.privateRun(TestRunner.java:774)
	at org.testng.TestRunner.run(TestRunner.java:624)
	at org.testng.SuiteRunner.runTest(SuiteRunner.java:359)
	at org.testng.SuiteRunner.runSequentially(SuiteRunner.java:354)
	at org.testng.SuiteRunner.privateRun(SuiteRunner.java:312)
	at org.testng.SuiteRunner.run(SuiteRunner.java:261)
	at org.testng.SuiteRunnerWorker.runSuite(SuiteRunnerWorker.java:52)
	at org.testng.SuiteRunnerWorker.run(SuiteRunnerWorker.java:86)
	at org.testng.TestNG.runSuitesSequentially(TestNG.java:1191)
	at org.testng.TestNG.runSuitesLocally(TestNG.java:1116)
	at org.testng.TestNG.run(TestNG.java:1024)
	at org.apache.maven.surefire.testng.TestNGExecutor.run(TestNGExecutor.java:324)
	at org.apache.maven.surefire.testng.TestNGXmlTestSuite.execute(TestNGXmlTestSuite.java:74)
	at org.apache.maven.surefire.testng.TestNGProvider.invoke(TestNGProvider.java:123)
	at org.apache.maven.surefire.booter.ForkedBooter.runSuitesInProcess(ForkedBooter.java:456)
	at org.apache.maven.surefire.booter.ForkedBooter.execute(ForkedBooter.java:169)
	at org.apache.maven.surefire.booter.ForkedBooter.run(ForkedBooter.java:595)
	at org.apache.maven.surefire.booter.ForkedBooter.main(ForkedBooter.java:581)
]]>
            </full-stacktrace>
          </exception> <!-- org.openqa.selenium.NoSuchSessionException -->
          <reporter-output>
          </reporter-output>
        </test-method> <!-- methodtearDownSetUp -->
        <test-method status="PASS" signature="classTearDownSetup()[pri:0, instance:com.ecommerce.wishlist.WishListTest@38c5cc4c]" name="classTearDownSetup" is-config="true" duration-ms="0" started-at="2022-12-15T11:36:02Z" finished-at="2022-12-15T11:36:02Z">
          <reporter-output>
          </reporter-output>
        </test-method> <!-- classTearDownSetup -->
      </class> <!-- com.ecommerce.wishlist.WishListTest -->
    </test> <!-- Test -->
  </suite> <!-- Suite -->
</testng-results>
