<?xml version="1.0" encoding="UTF-8"?>
<testng-results skipped="0" failed="0" total="1" passed="1">
  <reporter-output>
  </reporter-output>
  <suite name="Surefire suite" duration-ms="6167" started-at="2022-12-26T11:14:54Z" finished-at="2022-12-26T11:15:00Z">
    <groups>
    </groups>
    <test name="Surefire test" duration-ms="6167" started-at="2022-12-26T11:14:54Z" finished-at="2022-12-26T11:15:00Z">
      <class name="com.ecommerce.myaddress.FacebookTest">
        <test-method status="PASS" signature="loginFacebook()[pri:0, instance:com.ecommerce.myaddress.FacebookTest@7921b0a2]" name="loginFacebook" duration-ms="6157" started-at="2022-12-26T16:44:54Z" finished-at="2022-12-26T16:45:00Z">
          <reporter-output>
          </reporter-output>
        </test-method> <!-- loginFacebook -->
      </class> <!-- com.ecommerce.myaddress.FacebookTest -->
    </test> <!-- Surefire test -->
  </suite> <!-- Surefire suite -->
</testng-results>
