<?xml version="1.0" encoding="UTF-8"?>
<testng-results ignored="6" total="9" passed="3" failed="0" skipped="0">
  <reporter-output>
  </reporter-output>
  <suite started-at="2022-12-15T09:27:09 IST" name="Suite" finished-at="2022-12-15T09:27:09 IST" duration-ms="53">
    <groups>
      <group name="Reg">
        <method signature="TestNGPractice1.test2()[pri:0, instance:com.practice.TestNGPractice1@15bbf42f]" name="test2" class="com.practice.TestNGPractice1"/>
        <method signature="TestNGPractice2.test2()[pri:0, instance:com.practice.TestNGPractice2@ea6147e]" name="test2" class="com.practice.TestNGPractice2"/>
        <method signature="TestNgPractice3.test2()[pri:0, instance:com.practice.TestNgPractice3@1e683a3e]" name="test2" class="com.practice.TestNgPractice3"/>
      </group> <!-- Reg -->
    </groups>
    <test started-at="2022-12-15T09:27:09 IST" name="RegressionTestCases" finished-at="2022-12-15T09:27:09 IST" duration-ms="53">
      <class name="com.practice.TestNGPractice1">
        <test-method signature="test2()[pri:0, instance:com.practice.TestNGPractice1@15bbf42f]" started-at="2022-12-15T09:27:09 IST" name="test2" finished-at="2022-12-15T09:27:09 IST" duration-ms="8" status="PASS">
          <reporter-output>
          </reporter-output>
        </test-method> <!-- test2 -->
      </class> <!-- com.practice.TestNGPractice1 -->
      <class name="com.practice.TestNGPractice2">
        <test-method signature="test2()[pri:0, instance:com.practice.TestNGPractice2@ea6147e]" started-at="2022-12-15T09:27:09 IST" name="test2" finished-at="2022-12-15T09:27:09 IST" duration-ms="1" status="PASS">
          <reporter-output>
          </reporter-output>
        </test-method> <!-- test2 -->
      </class> <!-- com.practice.TestNGPractice2 -->
      <class name="com.practice.TestNgPractice3">
        <test-method signature="test2()[pri:0, instance:com.practice.TestNgPractice3@1e683a3e]" started-at="2022-12-15T09:27:09 IST" name="test2" finished-at="2022-12-15T09:27:09 IST" duration-ms="0" status="PASS">
          <reporter-output>
          </reporter-output>
        </test-method> <!-- test2 -->
      </class> <!-- com.practice.TestNgPractice3 -->
    </test> <!-- RegressionTestCases -->
  </suite> <!-- Suite -->
</testng-results>
